<?xml version="1.0" encoding="UTF-8"?>
<!-- Generated by org.testng.reporters.JUnitReportReporter -->
<testsuite hostname="QSP-BTM-FAC-PC" name="com.hrm.scripts.TestSearchButton" tests="1" failures="0" timestamp="1 Apr 2017 12:13:19 GMT" time="2.526" errors="0">
  <testcase name="testSearchButton" time="2.526" classname="com.hrm.scripts.TestSearchButton"/>
</testsuite> <!-- com.hrm.scripts.TestSearchButton -->
