<?xml version="1.0" encoding="UTF-8"?>
<!-- Generated by org.testng.reporters.JUnitReportReporter -->
<testsuite hostname="QSP-BTM-FAC-PC" name="com.hrm.scripts.LoginLogoutTest" tests="1" failures="0" timestamp="1 Apr 2017 12:13:19 GMT" time="1.978" errors="0">
  <testcase name="testAutoLoginLogout1" time="1.978" classname="com.hrm.scripts.LoginLogoutTest"/>
</testsuite> <!-- com.hrm.scripts.LoginLogoutTest -->
