<?xml version="1.0" encoding="UTF-8"?>
<!-- Generated by org.testng.reporters.JUnitReportReporter -->
<testsuite hostname="QSP-BTM-FAC-PC" name="com.hrm.scripts.TestLoginButtonIsPresent" tests="1" failures="0" timestamp="2 Apr 2017 13:10:37 GMT" time="1.020" errors="0">
  <testcase name="testLoginButtonIsPresent" time="1.020" classname="com.hrm.scripts.TestLoginButtonIsPresent"/>
</testsuite> <!-- com.hrm.scripts.TestLoginButtonIsPresent -->
