<?xml version="1.0" encoding="UTF-8"?>
<!-- Generated by org.testng.reporters.JUnitReportReporter -->
<testsuite hostname="QSP-BTM-FAC-PC" name="com.hrm.scripts.TestLoginButtonIsPresent" tests="1" failures="0" timestamp="1 Apr 2017 12:54:18 GMT" time="0.817" errors="0">
  <testcase name="testLoginButtonIsPresent" time="0.817" classname="com.hrm.scripts.TestLoginButtonIsPresent"/>
</testsuite> <!-- com.hrm.scripts.TestLoginButtonIsPresent -->
