<?xml version="1.0" encoding="UTF-8"?>
<!-- Generated by org.testng.reporters.JUnitReportReporter -->
<testsuite hostname="QSP-BTM-FAC-PC" name="com.hrm.scripts.TestJobTitle" tests="1" failures="0" timestamp="9 Apr 2017 10:57:39 GMT" time="7.971" errors="0">
  <testcase name="testJobTitle" time="7.971" classname="com.hrm.scripts.TestJobTitle"/>
</testsuite> <!-- com.hrm.scripts.TestJobTitle -->
