<?xml version="1.0" encoding="UTF-8"?>
<!-- Generated by org.testng.reporters.JUnitReportReporter -->
<testsuite hostname="QSP-BTM-FAC-PC" name="com.hrm.scripts.LoginLogoutTest" tests="1" failures="0" timestamp="9 Apr 2017 11:52:20 GMT" time="2.271" errors="0">
  <testcase name="testAutoLoginLogout1" time="2.271" classname="com.hrm.scripts.LoginLogoutTest"/>
</testsuite> <!-- com.hrm.scripts.LoginLogoutTest -->
