<?xml version="1.0" encoding="UTF-8"?>
<!-- Generated by org.testng.reporters.JUnitReportReporter -->
<testsuite hostname="QSP-BTM-FAC-PC" name="com.hrm.scripts.TestSearchButton" tests="1" failures="0" timestamp="2 Apr 2017 13:10:37 GMT" time="2.470" errors="0">
  <testcase name="testSearchButton" time="2.470" classname="com.hrm.scripts.TestSearchButton"/>
</testsuite> <!-- com.hrm.scripts.TestSearchButton -->
