<?xml version="1.0" encoding="UTF-8"?>
<!-- Generated by org.testng.reporters.JUnitReportReporter -->
<testsuite hostname="QSP-BTM-FAC-PC" name="com.hrm.scripts.TestSearchButton" tests="1" failures="0" timestamp="9 Apr 2017 11:52:20 GMT" time="2.813" errors="0">
  <testcase name="testSearchButton" time="2.813" classname="com.hrm.scripts.TestSearchButton"/>
</testsuite> <!-- com.hrm.scripts.TestSearchButton -->
