<?xml version="1.0" encoding="UTF-8"?>
<!-- Generated by org.testng.reporters.JUnitReportReporter -->
<testsuite hostname="QSP-BTM-FAC-PC" name="com.hrm.scripts.TestUserRoleListBox" tests="1" failures="0" timestamp="9 Apr 2017 11:06:50 GMT" time="3.208" errors="0">
  <testcase name="testUserRoleListBox" time="3.208" classname="com.hrm.scripts.TestUserRoleListBox"/>
</testsuite> <!-- com.hrm.scripts.TestUserRoleListBox -->
