<?xml version="1.0" encoding="UTF-8"?>
<!-- Generated by org.testng.reporters.JUnitReportReporter -->
<testsuite hostname="QSP-BTM-FAC-PC" name="com.hrm.scripts.TestCreateDeleteEmp" tests="1" failures="0" timestamp="2 Apr 2017 13:10:37 GMT" time="24.961" errors="0">
  <testcase name="testCreateDeleteEmp" time="24.961" classname="com.hrm.scripts.TestCreateDeleteEmp"/>
</testsuite> <!-- com.hrm.scripts.TestCreateDeleteEmp -->
